For /Users/karpatel/francinette/tests/printf/printfTester/tests/p_test.cpp:
25: 	TEST(1, print(" %p ", -1));
26: 	TEST(2, print(" %p ", 1));
27: 	TEST(3, print(" %p ", 15));
28: 	TEST(4, print(" %p ", 16));
29: 	TEST(5, print(" %p ", 17));
30: 	TEST(6, print(" %p %p ", LONG_MIN, LONG_MAX));
31: 	TEST(7, print(" %p %p ", INT_MIN, INT_MAX));
32: 	TEST(8, print(" %p %p ", ULONG_MAX, -ULONG_MAX));

For /Users/karpatel/francinette/tests/printf/printfTester/tests/x_test.cpp:
48: 	TEST(24, print(" %x ", LONG_MAX));
51: 	TEST(27, print(" %x ", ULONG_MAX));
52: 	TEST(28, print(" %x ", 9223372036854775807LL));
53: 	TEST(29, print(" %x %x %x %x %x %x %x", INT_MAX, INT_MIN, LONG_MAX, LONG_MIN, ULONG_MAX, 0, -42));

For /Users/karpatel/francinette/tests/printf/printfTester/tests/upperx_test.cpp:
48: 	TEST(24, print(" %X ", LONG_MAX));
51: 	TEST(27, print(" %X ", ULONG_MAX));
52: 	TEST(28, print(" %X ", 9223372036854775807LL));
53: 	TEST(29, print(" %X %X %X %X %X %X %X", INT_MAX, INT_MIN, LONG_MAX, LONG_MIN, ULONG_MAX, 0, -42));

For /Users/karpatel/francinette/tests/printf/printfTester/tests/mix_test.cpp:
25: 	TEST(1, print("%%%c%%%s%%%d%%%i%%%u%%%x%%%X%%%% %%%c%%%s%%%d%%%i%%%u%%%x%%%X%%%% %%%c%%%s%%%d%%%i%%%u%%%x%%%X%%%% %c%%", 'A', "42", 42, 42 ,42 , 42, 42, 'B', "-42", -42, -42 ,-42 ,-42, 42, 'C', "0", 0, 0 ,0 ,0, 42, 0));

